This file contains any messages produced by compilers while
running configure, to aid debugging if configure makes a mistake.

It was created by usfsim configure 1.0.36, which was
generated by GNU Autoconf 2.72.  Invocation command line was

  $ ./configure

## --------- ##
## Platform. ##
## --------- ##

hostname = fbsb-bolser-w01
uname -m = x86_64
uname -r = 6.8.0-48-generic
uname -s = Linux
uname -v = #48~22.04.1-Ubuntu SMP PREEMPT_DYNAMIC Mon Oct  7 11:24:13 UTC 2

/usr/bin/uname -p = x86_64
/bin/uname -X     = unknown

/bin/arch              = x86_64
/usr/bin/arch -k       = unknown
/usr/convex/getsysinfo = unknown
/usr/bin/hostinfo      = unknown
/bin/machine           = unknown
/usr/bin/oslevel       = unknown
/bin/universe          = unknown

PATH: /home/hayesjohn/data/apps/xppaut8.0ubuntu/
PATH: /home/hayesjohn/scripts/
PATH: /home/hayesjohn/bin/jdk-19.0.2/bin/
PATH: /home/hayesjohn/src/swig-4.0.2/
PATH: /home/hayesjohn/bin/
PATH: /home/hayesjohn/anaconda3/bin/
PATH: /home/hayesjohn/anaconda3/condabin/
PATH: /usr/local/cuda-12.1/bin/
PATH: /usr/local/sbin/
PATH: /usr/local/bin/
PATH: /usr/sbin/
PATH: /usr/bin/
PATH: /sbin/
PATH: /bin/
PATH: /usr/games/
PATH: /usr/local/games/
PATH: /snap/bin/
PATH: /snap/bin/
PATH: /opt/puppetlabs/bin/
PATH: ./
PATH: /home/hayesjohn/wd_uf/commons/
PATH: /home/hayesjohn/wd_uf/LAR_scripts/
PATH: /home/hayesjohn/wd_uf/usfsimpy/
PATH: /home/hayesjohn/wd_uf/usfsim/
PATH: /home/hayesjohn/wd_uf/USFsimBatch/
PATH: /usr/local/cuda-12.2/bin/
PATH: /home/hayesjohn/wd_uf/nne/scripts/
PATH: /home/hayesjohn/bin/


## ----------- ##
## Core tests. ##
## ----------- ##

configure:2952: looking for aux files: compile missing install-sh
configure:2965:  trying ././
configure:2994:   ././compile found
configure:2994:   ././missing found
configure:2976:   ././install-sh found
configure:3125: checking for a BSD-compatible install
configure:3199: result: /usr/bin/install -c
configure:3210: checking whether build environment is sane
configure:3265: result: yes
configure:3426: checking for a race-free mkdir -p
configure:3469: result: /usr/bin/mkdir -p
configure:3476: checking for gawk
configure:3497: found /usr/bin/gawk
configure:3509: result: gawk
configure:3520: checking whether make sets $(MAKE)
configure:3544: result: yes
configure:3574: checking whether make supports nested variables
configure:3593: result: yes
configure:3744: checking whether make supports the include directive
configure:3759: make -f confmf.GNU && cat confinc.out
this is the am__doit target
configure:3762: $? = 0
configure:3781: result: yes (GNU style)
configure:3812: checking for x86_64-conda-linux-gnu-gcc
configure:3845: result: /home/hayesjohn/anaconda3/bin/x86_64-conda-linux-gnu-cc
configure:4250: checking for C compiler version
configure:4259: /home/hayesjohn/anaconda3/bin/x86_64-conda-linux-gnu-cc --version >&5
x86_64-conda-linux-gnu-cc (Anaconda gcc) 11.2.0
Copyright (C) 2021 Free Software Foundation, Inc.
This is free software; see the source for copying conditions.  There is NO
warranty; not even for MERCHANTABILITY or FITNESS FOR A PARTICULAR PURPOSE.

configure:4270: $? = 0
configure:4259: /home/hayesjohn/anaconda3/bin/x86_64-conda-linux-gnu-cc -v >&5
Reading specs from /home/hayesjohn/anaconda3/bin/../lib/gcc/x86_64-conda-linux-gnu/11.2.0/specs
COLLECT_GCC=/home/hayesjohn/anaconda3/bin/x86_64-conda-linux-gnu-cc
COLLECT_LTO_WRAPPER=/home/hayesjohn/anaconda3/bin/../libexec/gcc/x86_64-conda-linux-gnu/11.2.0/lto-wrapper
Target: x86_64-conda-linux-gnu
Configured with: /opt/conda/conda-bld/gcc-compiler_1654084175708/work/gcc/configure --build=x86_64-build_conda-linux-gnu --host=x86_64-build_conda-linux-gnu --target=x86_64-conda-linux-gnu --prefix=/opt/conda/conda-bld/gcc-compiler_1654084175708/work/gcc_built --exec_prefix=/opt/conda/conda-bld/gcc-compiler_1654084175708/work/gcc_built --with-sysroot=/opt/conda/conda-bld/gcc-compiler_1654084175708/work/gcc_built/x86_64-conda-linux-gnu/sysroot --with-local-prefix=/opt/conda/conda-bld/gcc-compiler_1654084175708/work/gcc_built/x86_64-conda-linux-gnu/sysroot --enable-long-long --disable-multilib --disable-nls --with-gmp=/opt/conda/conda-bld/gcc-compiler_1654084175708/work/buildtools --with-mpfr=/opt/conda/conda-bld/gcc-compiler_1654084175708/work/buildtools --with-mpc=/opt/conda/conda-bld/gcc-compiler_1654084175708/work/buildtools --with-isl=/opt/conda/conda-bld/gcc-compiler_1654084175708/work/buildtools --without-zstd --enable-languages=c,c++,fortran,objc,obj-c++ --enable-__cxa_atexit --disable-libmudflap --enable-libgomp --enable-libquadmath --enable-libquadmath-support --enable-libsanitizer --disable-libstdcxx-verbose --enable-lto --enable-libcc1 --enable-threads=posix --enable-plugin --with-pkgversion='Anaconda gcc' --enable-libmpx
Thread model: posix
Supported LTO compression algorithms: zlib
gcc version 11.2.0 (Anaconda gcc) 
configure:4270: $? = 0
configure:4259: /home/hayesjohn/anaconda3/bin/x86_64-conda-linux-gnu-cc -V >&5
x86_64-conda-linux-gnu-cc: error: unrecognized command-line option '-V'
x86_64-conda-linux-gnu-cc: fatal error: no input files
compilation terminated.
configure:4270: $? = 1
configure:4259: /home/hayesjohn/anaconda3/bin/x86_64-conda-linux-gnu-cc -qversion >&5
x86_64-conda-linux-gnu-cc: error: unrecognized command-line option '-qversion'; did you mean '--version'?
x86_64-conda-linux-gnu-cc: fatal error: no input files
compilation terminated.
configure:4270: $? = 1
configure:4259: /home/hayesjohn/anaconda3/bin/x86_64-conda-linux-gnu-cc -version >&5
x86_64-conda-linux-gnu-cc: error: unrecognized command-line option '-version'
x86_64-conda-linux-gnu-cc: fatal error: no input files
compilation terminated.
configure:4270: $? = 1
configure:4290: checking whether the C compiler works
configure:4312: /home/hayesjohn/anaconda3/bin/x86_64-conda-linux-gnu-cc -march=nocona -mtune=haswell -ftree-vectorize -fPIC -fstack-protector-strong -fno-plt -O2 -ffunction-sections -pipe -isystem /home/hayesjohn/anaconda3/include -I/home/hayesjohn/anaconda3/include -I/home/hayesjohn/src/muparser_v2_2_3/include -I/home/hayesjohn/src/local-son64-1.0.3 -I/home/hayesjohn/src/boost_1_81_0 -I/home/hayesjohn/src/gsl-2.7.1/ -I/home/hayesjohn/include -I/home/hayesjohn/wd_uf/nne/include -DLOGGING -DDEBUGGING -DDEBUG_MPI -g3 -L/home/hayesjohn/src/gsl-2.7.1/./cblas/.libs/ -L/home/hayesjohn/src/gsl-2.7.1/.libs -L/home/hayesjohn/anaconda3/lib  -L/home/hayesjohn/wd_uf/usfsim conftest.c  >&5
configure:4316: $? = 0
configure:4367: result: yes
configure:4371: checking for C compiler default output file name
configure:4373: result: a.out
configure:4379: checking for suffix of executables
configure:4386: /home/hayesjohn/anaconda3/bin/x86_64-conda-linux-gnu-cc -o conftest -march=nocona -mtune=haswell -ftree-vectorize -fPIC -fstack-protector-strong -fno-plt -O2 -ffunction-sections -pipe -isystem /home/hayesjohn/anaconda3/include -I/home/hayesjohn/anaconda3/include -I/home/hayesjohn/src/muparser_v2_2_3/include -I/home/hayesjohn/src/local-son64-1.0.3 -I/home/hayesjohn/src/boost_1_81_0 -I/home/hayesjohn/src/gsl-2.7.1/ -I/home/hayesjohn/include -I/home/hayesjohn/wd_uf/nne/include -DLOGGING -DDEBUGGING -DDEBUG_MPI -g3 -L/home/hayesjohn/src/gsl-2.7.1/./cblas/.libs/ -L/home/hayesjohn/src/gsl-2.7.1/.libs -L/home/hayesjohn/anaconda3/lib  -L/home/hayesjohn/wd_uf/usfsim conftest.c  >&5
configure:4390: $? = 0
configure:4414: result: 
configure:4438: checking whether we are cross compiling
configure:4446: /home/hayesjohn/anaconda3/bin/x86_64-conda-linux-gnu-cc -o conftest -march=nocona -mtune=haswell -ftree-vectorize -fPIC -fstack-protector-strong -fno-plt -O2 -ffunction-sections -pipe -isystem /home/hayesjohn/anaconda3/include -I/home/hayesjohn/anaconda3/include -I/home/hayesjohn/src/muparser_v2_2_3/include -I/home/hayesjohn/src/local-son64-1.0.3 -I/home/hayesjohn/src/boost_1_81_0 -I/home/hayesjohn/src/gsl-2.7.1/ -I/home/hayesjohn/include -I/home/hayesjohn/wd_uf/nne/include -DLOGGING -DDEBUGGING -DDEBUG_MPI -g3 -L/home/hayesjohn/src/gsl-2.7.1/./cblas/.libs/ -L/home/hayesjohn/src/gsl-2.7.1/.libs -L/home/hayesjohn/anaconda3/lib  -L/home/hayesjohn/wd_uf/usfsim conftest.c  >&5
configure:4450: $? = 0
configure:4457: ./conftest
configure:4461: $? = 0
configure:4476: result: no
configure:4482: checking for suffix of object files
configure:4505: /home/hayesjohn/anaconda3/bin/x86_64-conda-linux-gnu-cc -c -march=nocona -mtune=haswell -ftree-vectorize -fPIC -fstack-protector-strong -fno-plt -O2 -ffunction-sections -pipe -isystem /home/hayesjohn/anaconda3/include -I/home/hayesjohn/anaconda3/include -I/home/hayesjohn/src/muparser_v2_2_3/include -I/home/hayesjohn/src/local-son64-1.0.3 -I/home/hayesjohn/src/boost_1_81_0 -I/home/hayesjohn/src/gsl-2.7.1/ -I/home/hayesjohn/include -I/home/hayesjohn/wd_uf/nne/include -DLOGGING -DDEBUGGING -DDEBUG_MPI -g3 conftest.c >&5
configure:4509: $? = 0
configure:4533: result: o
configure:4537: checking whether the compiler supports GNU C
configure:4557: /home/hayesjohn/anaconda3/bin/x86_64-conda-linux-gnu-cc -c -march=nocona -mtune=haswell -ftree-vectorize -fPIC -fstack-protector-strong -fno-plt -O2 -ffunction-sections -pipe -isystem /home/hayesjohn/anaconda3/include -I/home/hayesjohn/anaconda3/include -I/home/hayesjohn/src/muparser_v2_2_3/include -I/home/hayesjohn/src/local-son64-1.0.3 -I/home/hayesjohn/src/boost_1_81_0 -I/home/hayesjohn/src/gsl-2.7.1/ -I/home/hayesjohn/include -I/home/hayesjohn/wd_uf/nne/include -DLOGGING -DDEBUGGING -DDEBUG_MPI -g3 conftest.c >&5
configure:4557: $? = 0
configure:4569: result: yes
configure:4580: checking whether /home/hayesjohn/anaconda3/bin/x86_64-conda-linux-gnu-cc accepts -g
configure:4601: /home/hayesjohn/anaconda3/bin/x86_64-conda-linux-gnu-cc -c -g -I/home/hayesjohn/anaconda3/include -I/home/hayesjohn/src/muparser_v2_2_3/include -I/home/hayesjohn/src/local-son64-1.0.3 -I/home/hayesjohn/src/boost_1_81_0 -I/home/hayesjohn/src/gsl-2.7.1/ -I/home/hayesjohn/include -I/home/hayesjohn/wd_uf/nne/include -DLOGGING -DDEBUGGING -DDEBUG_MPI -g3 conftest.c >&5
configure:4601: $? = 0
configure:4648: result: yes
configure:4668: checking for /home/hayesjohn/anaconda3/bin/x86_64-conda-linux-gnu-cc option to enable C11 features
configure:4683: /home/hayesjohn/anaconda3/bin/x86_64-conda-linux-gnu-cc  -c -march=nocona -mtune=haswell -ftree-vectorize -fPIC -fstack-protector-strong -fno-plt -O2 -ffunction-sections -pipe -isystem /home/hayesjohn/anaconda3/include -I/home/hayesjohn/anaconda3/include -I/home/hayesjohn/src/muparser_v2_2_3/include -I/home/hayesjohn/src/local-son64-1.0.3 -I/home/hayesjohn/src/boost_1_81_0 -I/home/hayesjohn/src/gsl-2.7.1/ -I/home/hayesjohn/include -I/home/hayesjohn/wd_uf/nne/include -DLOGGING -DDEBUGGING -DDEBUG_MPI -g3 conftest.c >&5
configure:4683: $? = 0
configure:4702: result: none needed
configure:4826: checking whether /home/hayesjohn/anaconda3/bin/x86_64-conda-linux-gnu-cc understands -c and -o together
configure:4849: /home/hayesjohn/anaconda3/bin/x86_64-conda-linux-gnu-cc -c conftest.c -o conftest2.o
configure:4852: $? = 0
configure:4849: /home/hayesjohn/anaconda3/bin/x86_64-conda-linux-gnu-cc -c conftest.c -o conftest2.o
configure:4852: $? = 0
configure:4865: result: yes
configure:4884: checking dependency style of /home/hayesjohn/anaconda3/bin/x86_64-conda-linux-gnu-cc
configure:4997: result: gcc3
configure:5017: checking for stdio.h
configure:5017: /home/hayesjohn/anaconda3/bin/x86_64-conda-linux-gnu-cc -c -march=nocona -mtune=haswell -ftree-vectorize -fPIC -fstack-protector-strong -fno-plt -O2 -ffunction-sections -pipe -isystem /home/hayesjohn/anaconda3/include -I/home/hayesjohn/anaconda3/include -I/home/hayesjohn/src/muparser_v2_2_3/include -I/home/hayesjohn/src/local-son64-1.0.3 -I/home/hayesjohn/src/boost_1_81_0 -I/home/hayesjohn/src/gsl-2.7.1/ -I/home/hayesjohn/include -I/home/hayesjohn/wd_uf/nne/include -DLOGGING -DDEBUGGING -DDEBUG_MPI -g3 conftest.c >&5
configure:5017: $? = 0
configure:5017: result: yes
configure:5017: checking for stdlib.h
configure:5017: /home/hayesjohn/anaconda3/bin/x86_64-conda-linux-gnu-cc -c -march=nocona -mtune=haswell -ftree-vectorize -fPIC -fstack-protector-strong -fno-plt -O2 -ffunction-sections -pipe -isystem /home/hayesjohn/anaconda3/include -I/home/hayesjohn/anaconda3/include -I/home/hayesjohn/src/muparser_v2_2_3/include -I/home/hayesjohn/src/local-son64-1.0.3 -I/home/hayesjohn/src/boost_1_81_0 -I/home/hayesjohn/src/gsl-2.7.1/ -I/home/hayesjohn/include -I/home/hayesjohn/wd_uf/nne/include -DLOGGING -DDEBUGGING -DDEBUG_MPI -g3 conftest.c >&5
configure:5017: $? = 0
configure:5017: result: yes
configure:5017: checking for string.h
configure:5017: /home/hayesjohn/anaconda3/bin/x86_64-conda-linux-gnu-cc -c -march=nocona -mtune=haswell -ftree-vectorize -fPIC -fstack-protector-strong -fno-plt -O2 -ffunction-sections -pipe -isystem /home/hayesjohn/anaconda3/include -I/home/hayesjohn/anaconda3/include -I/home/hayesjohn/src/muparser_v2_2_3/include -I/home/hayesjohn/src/local-son64-1.0.3 -I/home/hayesjohn/src/boost_1_81_0 -I/home/hayesjohn/src/gsl-2.7.1/ -I/home/hayesjohn/include -I/home/hayesjohn/wd_uf/nne/include -DLOGGING -DDEBUGGING -DDEBUG_MPI -g3 conftest.c >&5
configure:5017: $? = 0
configure:5017: result: yes
configure:5017: checking for inttypes.h
configure:5017: /home/hayesjohn/anaconda3/bin/x86_64-conda-linux-gnu-cc -c -march=nocona -mtune=haswell -ftree-vectorize -fPIC -fstack-protector-strong -fno-plt -O2 -ffunction-sections -pipe -isystem /home/hayesjohn/anaconda3/include -I/home/hayesjohn/anaconda3/include -I/home/hayesjohn/src/muparser_v2_2_3/include -I/home/hayesjohn/src/local-son64-1.0.3 -I/home/hayesjohn/src/boost_1_81_0 -I/home/hayesjohn/src/gsl-2.7.1/ -I/home/hayesjohn/include -I/home/hayesjohn/wd_uf/nne/include -DLOGGING -DDEBUGGING -DDEBUG_MPI -g3 conftest.c >&5
configure:5017: $? = 0
configure:5017: result: yes
configure:5017: checking for stdint.h
configure:5017: /home/hayesjohn/anaconda3/bin/x86_64-conda-linux-gnu-cc -c -march=nocona -mtune=haswell -ftree-vectorize -fPIC -fstack-protector-strong -fno-plt -O2 -ffunction-sections -pipe -isystem /home/hayesjohn/anaconda3/include -I/home/hayesjohn/anaconda3/include -I/home/hayesjohn/src/muparser_v2_2_3/include -I/home/hayesjohn/src/local-son64-1.0.3 -I/home/hayesjohn/src/boost_1_81_0 -I/home/hayesjohn/src/gsl-2.7.1/ -I/home/hayesjohn/include -I/home/hayesjohn/wd_uf/nne/include -DLOGGING -DDEBUGGING -DDEBUG_MPI -g3 conftest.c >&5
configure:5017: $? = 0
configure:5017: result: yes
configure:5017: checking for strings.h
configure:5017: /home/hayesjohn/anaconda3/bin/x86_64-conda-linux-gnu-cc -c -march=nocona -mtune=haswell -ftree-vectorize -fPIC -fstack-protector-strong -fno-plt -O2 -ffunction-sections -pipe -isystem /home/hayesjohn/anaconda3/include -I/home/hayesjohn/anaconda3/include -I/home/hayesjohn/src/muparser_v2_2_3/include -I/home/hayesjohn/src/local-son64-1.0.3 -I/home/hayesjohn/src/boost_1_81_0 -I/home/hayesjohn/src/gsl-2.7.1/ -I/home/hayesjohn/include -I/home/hayesjohn/wd_uf/nne/include -DLOGGING -DDEBUGGING -DDEBUG_MPI -g3 conftest.c >&5
configure:5017: $? = 0
configure:5017: result: yes
configure:5017: checking for sys/stat.h
configure:5017: /home/hayesjohn/anaconda3/bin/x86_64-conda-linux-gnu-cc -c -march=nocona -mtune=haswell -ftree-vectorize -fPIC -fstack-protector-strong -fno-plt -O2 -ffunction-sections -pipe -isystem /home/hayesjohn/anaconda3/include -I/home/hayesjohn/anaconda3/include -I/home/hayesjohn/src/muparser_v2_2_3/include -I/home/hayesjohn/src/local-son64-1.0.3 -I/home/hayesjohn/src/boost_1_81_0 -I/home/hayesjohn/src/gsl-2.7.1/ -I/home/hayesjohn/include -I/home/hayesjohn/wd_uf/nne/include -DLOGGING -DDEBUGGING -DDEBUG_MPI -g3 conftest.c >&5
configure:5017: $? = 0
configure:5017: result: yes
configure:5017: checking for sys/types.h
configure:5017: /home/hayesjohn/anaconda3/bin/x86_64-conda-linux-gnu-cc -c -march=nocona -mtune=haswell -ftree-vectorize -fPIC -fstack-protector-strong -fno-plt -O2 -ffunction-sections -pipe -isystem /home/hayesjohn/anaconda3/include -I/home/hayesjohn/anaconda3/include -I/home/hayesjohn/src/muparser_v2_2_3/include -I/home/hayesjohn/src/local-son64-1.0.3 -I/home/hayesjohn/src/boost_1_81_0 -I/home/hayesjohn/src/gsl-2.7.1/ -I/home/hayesjohn/include -I/home/hayesjohn/wd_uf/nne/include -DLOGGING -DDEBUGGING -DDEBUG_MPI -g3 conftest.c >&5
configure:5017: $? = 0
configure:5017: result: yes
configure:5017: checking for unistd.h
configure:5017: /home/hayesjohn/anaconda3/bin/x86_64-conda-linux-gnu-cc -c -march=nocona -mtune=haswell -ftree-vectorize -fPIC -fstack-protector-strong -fno-plt -O2 -ffunction-sections -pipe -isystem /home/hayesjohn/anaconda3/include -I/home/hayesjohn/anaconda3/include -I/home/hayesjohn/src/muparser_v2_2_3/include -I/home/hayesjohn/src/local-son64-1.0.3 -I/home/hayesjohn/src/boost_1_81_0 -I/home/hayesjohn/src/gsl-2.7.1/ -I/home/hayesjohn/include -I/home/hayesjohn/wd_uf/nne/include -DLOGGING -DDEBUGGING -DDEBUG_MPI -g3 conftest.c >&5
configure:5017: $? = 0
configure:5017: result: yes
configure:5017: checking for wchar.h
configure:5017: /home/hayesjohn/anaconda3/bin/x86_64-conda-linux-gnu-cc -c -march=nocona -mtune=haswell -ftree-vectorize -fPIC -fstack-protector-strong -fno-plt -O2 -ffunction-sections -pipe -isystem /home/hayesjohn/anaconda3/include -I/home/hayesjohn/anaconda3/include -I/home/hayesjohn/src/muparser_v2_2_3/include -I/home/hayesjohn/src/local-son64-1.0.3 -I/home/hayesjohn/src/boost_1_81_0 -I/home/hayesjohn/src/gsl-2.7.1/ -I/home/hayesjohn/include -I/home/hayesjohn/wd_uf/nne/include -DLOGGING -DDEBUGGING -DDEBUG_MPI -g3 conftest.c >&5
configure:5017: $? = 0
configure:5017: result: yes
configure:5017: checking for minix/config.h
configure:5017: /home/hayesjohn/anaconda3/bin/x86_64-conda-linux-gnu-cc -c -march=nocona -mtune=haswell -ftree-vectorize -fPIC -fstack-protector-strong -fno-plt -O2 -ffunction-sections -pipe -isystem /home/hayesjohn/anaconda3/include -I/home/hayesjohn/anaconda3/include -I/home/hayesjohn/src/muparser_v2_2_3/include -I/home/hayesjohn/src/local-son64-1.0.3 -I/home/hayesjohn/src/boost_1_81_0 -I/home/hayesjohn/src/gsl-2.7.1/ -I/home/hayesjohn/include -I/home/hayesjohn/wd_uf/nne/include -DLOGGING -DDEBUGGING -DDEBUG_MPI -g3 conftest.c >&5
conftest.c:49:10: fatal error: minix/config.h: No such file or directory
   49 | #include <minix/config.h>
      |          ^~~~~~~~~~~~~~~~
compilation terminated.
configure:5017: $? = 1
configure: failed program was:
| /* confdefs.h */
| #define PACKAGE_NAME "usfsim"
| #define PACKAGE_TARNAME "usfsim"
| #define PACKAGE_VERSION "1.0.36"
| #define PACKAGE_STRING "usfsim 1.0.36"
| #define PACKAGE_BUGREPORT "hayesjohn@ufl.edu"
| #define PACKAGE_URL ""
| #define PACKAGE "usfsim"
| #define VERSION "1.0.36"
| #define HAVE_STDIO_H 1
| #define HAVE_STDLIB_H 1
| #define HAVE_STRING_H 1
| #define HAVE_INTTYPES_H 1
| #define HAVE_STDINT_H 1
| #define HAVE_STRINGS_H 1
| #define HAVE_SYS_STAT_H 1
| #define HAVE_SYS_TYPES_H 1
| #define HAVE_UNISTD_H 1
| #define HAVE_WCHAR_H 1
| /* end confdefs.h.  */
| #include <stddef.h>
| #ifdef HAVE_STDIO_H
| # include <stdio.h>
| #endif
| #ifdef HAVE_STDLIB_H
| # include <stdlib.h>
| #endif
| #ifdef HAVE_STRING_H
| # include <string.h>
| #endif
| #ifdef HAVE_INTTYPES_H
| # include <inttypes.h>
| #endif
| #ifdef HAVE_STDINT_H
| # include <stdint.h>
| #endif
| #ifdef HAVE_STRINGS_H
| # include <strings.h>
| #endif
| #ifdef HAVE_SYS_TYPES_H
| # include <sys/types.h>
| #endif
| #ifdef HAVE_SYS_STAT_H
| # include <sys/stat.h>
| #endif
| #ifdef HAVE_UNISTD_H
| # include <unistd.h>
| #endif
| #include <minix/config.h>
configure:5017: result: no
configure:5048: checking whether it is safe to define __EXTENSIONS__
configure:5067: /home/hayesjohn/anaconda3/bin/x86_64-conda-linux-gnu-cc -c -march=nocona -mtune=haswell -ftree-vectorize -fPIC -fstack-protector-strong -fno-plt -O2 -ffunction-sections -pipe -isystem /home/hayesjohn/anaconda3/include -I/home/hayesjohn/anaconda3/include -I/home/hayesjohn/src/muparser_v2_2_3/include -I/home/hayesjohn/src/local-son64-1.0.3 -I/home/hayesjohn/src/boost_1_81_0 -I/home/hayesjohn/src/gsl-2.7.1/ -I/home/hayesjohn/include -I/home/hayesjohn/wd_uf/nne/include -DLOGGING -DDEBUGGING -DDEBUG_MPI -g3 conftest.c >&5
configure:5067: $? = 0
configure:5077: result: yes
configure:5080: checking whether _XOPEN_SOURCE should be defined
configure:5102: /home/hayesjohn/anaconda3/bin/x86_64-conda-linux-gnu-cc -c -march=nocona -mtune=haswell -ftree-vectorize -fPIC -fstack-protector-strong -fno-plt -O2 -ffunction-sections -pipe -isystem /home/hayesjohn/anaconda3/include -I/home/hayesjohn/anaconda3/include -I/home/hayesjohn/src/muparser_v2_2_3/include -I/home/hayesjohn/src/local-son64-1.0.3 -I/home/hayesjohn/src/boost_1_81_0 -I/home/hayesjohn/src/gsl-2.7.1/ -I/home/hayesjohn/include -I/home/hayesjohn/wd_uf/nne/include -DLOGGING -DDEBUGGING -DDEBUG_MPI -g3 conftest.c >&5
configure:5102: $? = 0
configure:5131: result: no
configure:5200: checking for x86_64-conda-linux-gnu-gcc
configure:5233: result: /home/hayesjohn/anaconda3/bin/x86_64-conda-linux-gnu-cc
configure:5638: checking for C compiler version
configure:5647: /home/hayesjohn/anaconda3/bin/x86_64-conda-linux-gnu-cc --version >&5
x86_64-conda-linux-gnu-cc (Anaconda gcc) 11.2.0
Copyright (C) 2021 Free Software Foundation, Inc.
This is free software; see the source for copying conditions.  There is NO
warranty; not even for MERCHANTABILITY or FITNESS FOR A PARTICULAR PURPOSE.

configure:5658: $? = 0
configure:5647: /home/hayesjohn/anaconda3/bin/x86_64-conda-linux-gnu-cc -v >&5
Reading specs from /home/hayesjohn/anaconda3/bin/../lib/gcc/x86_64-conda-linux-gnu/11.2.0/specs
COLLECT_GCC=/home/hayesjohn/anaconda3/bin/x86_64-conda-linux-gnu-cc
COLLECT_LTO_WRAPPER=/home/hayesjohn/anaconda3/bin/../libexec/gcc/x86_64-conda-linux-gnu/11.2.0/lto-wrapper
Target: x86_64-conda-linux-gnu
Configured with: /opt/conda/conda-bld/gcc-compiler_1654084175708/work/gcc/configure --build=x86_64-build_conda-linux-gnu --host=x86_64-build_conda-linux-gnu --target=x86_64-conda-linux-gnu --prefix=/opt/conda/conda-bld/gcc-compiler_1654084175708/work/gcc_built --exec_prefix=/opt/conda/conda-bld/gcc-compiler_1654084175708/work/gcc_built --with-sysroot=/opt/conda/conda-bld/gcc-compiler_1654084175708/work/gcc_built/x86_64-conda-linux-gnu/sysroot --with-local-prefix=/opt/conda/conda-bld/gcc-compiler_1654084175708/work/gcc_built/x86_64-conda-linux-gnu/sysroot --enable-long-long --disable-multilib --disable-nls --with-gmp=/opt/conda/conda-bld/gcc-compiler_1654084175708/work/buildtools --with-mpfr=/opt/conda/conda-bld/gcc-compiler_1654084175708/work/buildtools --with-mpc=/opt/conda/conda-bld/gcc-compiler_1654084175708/work/buildtools --with-isl=/opt/conda/conda-bld/gcc-compiler_1654084175708/work/buildtools --without-zstd --enable-languages=c,c++,fortran,objc,obj-c++ --enable-__cxa_atexit --disable-libmudflap --enable-libgomp --enable-libquadmath --enable-libquadmath-support --enable-libsanitizer --disable-libstdcxx-verbose --enable-lto --enable-libcc1 --enable-threads=posix --enable-plugin --with-pkgversion='Anaconda gcc' --enable-libmpx
Thread model: posix
Supported LTO compression algorithms: zlib
gcc version 11.2.0 (Anaconda gcc) 
configure:5658: $? = 0
configure:5647: /home/hayesjohn/anaconda3/bin/x86_64-conda-linux-gnu-cc -V >&5
x86_64-conda-linux-gnu-cc: error: unrecognized command-line option '-V'
x86_64-conda-linux-gnu-cc: fatal error: no input files
compilation terminated.
configure:5658: $? = 1
configure:5647: /home/hayesjohn/anaconda3/bin/x86_64-conda-linux-gnu-cc -qversion >&5
x86_64-conda-linux-gnu-cc: error: unrecognized command-line option '-qversion'; did you mean '--version'?
x86_64-conda-linux-gnu-cc: fatal error: no input files
compilation terminated.
configure:5658: $? = 1
configure:5647: /home/hayesjohn/anaconda3/bin/x86_64-conda-linux-gnu-cc -version >&5
x86_64-conda-linux-gnu-cc: error: unrecognized command-line option '-version'
x86_64-conda-linux-gnu-cc: fatal error: no input files
compilation terminated.
configure:5658: $? = 1
configure:5662: checking whether the compiler supports GNU C
configure:5694: result: yes
configure:5705: checking whether /home/hayesjohn/anaconda3/bin/x86_64-conda-linux-gnu-cc accepts -g
configure:5773: result: yes
configure:5793: checking for /home/hayesjohn/anaconda3/bin/x86_64-conda-linux-gnu-cc option to enable C11 features
configure:5827: result: none needed
configure:5951: checking whether /home/hayesjohn/anaconda3/bin/x86_64-conda-linux-gnu-cc understands -c and -o together
configure:5990: result: yes
configure:6009: checking dependency style of /home/hayesjohn/anaconda3/bin/x86_64-conda-linux-gnu-cc
configure:6122: result: gcc3
configure:6267: checking for C++ compiler version
configure:6276: /home/hayesjohn/anaconda3/bin/x86_64-conda-linux-gnu-c++ --version >&5
x86_64-conda-linux-gnu-c++ (Anaconda gcc) 11.2.0
Copyright (C) 2021 Free Software Foundation, Inc.
This is free software; see the source for copying conditions.  There is NO
warranty; not even for MERCHANTABILITY or FITNESS FOR A PARTICULAR PURPOSE.

configure:6287: $? = 0
configure:6276: /home/hayesjohn/anaconda3/bin/x86_64-conda-linux-gnu-c++ -v >&5
Reading specs from /home/hayesjohn/anaconda3/bin/../lib/gcc/x86_64-conda-linux-gnu/11.2.0/specs
COLLECT_GCC=/home/hayesjohn/anaconda3/bin/x86_64-conda-linux-gnu-c++
COLLECT_LTO_WRAPPER=/home/hayesjohn/anaconda3/bin/../libexec/gcc/x86_64-conda-linux-gnu/11.2.0/lto-wrapper
Target: x86_64-conda-linux-gnu
Configured with: /opt/conda/conda-bld/gcc-compiler_1654084175708/work/gcc/configure --build=x86_64-build_conda-linux-gnu --host=x86_64-build_conda-linux-gnu --target=x86_64-conda-linux-gnu --prefix=/opt/conda/conda-bld/gcc-compiler_1654084175708/work/gcc_built --exec_prefix=/opt/conda/conda-bld/gcc-compiler_1654084175708/work/gcc_built --with-sysroot=/opt/conda/conda-bld/gcc-compiler_1654084175708/work/gcc_built/x86_64-conda-linux-gnu/sysroot --with-local-prefix=/opt/conda/conda-bld/gcc-compiler_1654084175708/work/gcc_built/x86_64-conda-linux-gnu/sysroot --enable-long-long --disable-multilib --disable-nls --with-gmp=/opt/conda/conda-bld/gcc-compiler_1654084175708/work/buildtools --with-mpfr=/opt/conda/conda-bld/gcc-compiler_1654084175708/work/buildtools --with-mpc=/opt/conda/conda-bld/gcc-compiler_1654084175708/work/buildtools --with-isl=/opt/conda/conda-bld/gcc-compiler_1654084175708/work/buildtools --without-zstd --enable-languages=c,c++,fortran,objc,obj-c++ --enable-__cxa_atexit --disable-libmudflap --enable-libgomp --enable-libquadmath --enable-libquadmath-support --enable-libsanitizer --disable-libstdcxx-verbose --enable-lto --enable-libcc1 --enable-threads=posix --enable-plugin --with-pkgversion='Anaconda gcc' --enable-libmpx
Thread model: posix
Supported LTO compression algorithms: zlib
gcc version 11.2.0 (Anaconda gcc) 
configure:6287: $? = 0
configure:6276: /home/hayesjohn/anaconda3/bin/x86_64-conda-linux-gnu-c++ -V >&5
x86_64-conda-linux-gnu-c++: error: unrecognized command-line option '-V'
x86_64-conda-linux-gnu-c++: fatal error: no input files
compilation terminated.
configure:6287: $? = 1
configure:6276: /home/hayesjohn/anaconda3/bin/x86_64-conda-linux-gnu-c++ -qversion >&5
x86_64-conda-linux-gnu-c++: error: unrecognized command-line option '-qversion'; did you mean '--version'?
x86_64-conda-linux-gnu-c++: fatal error: no input files
compilation terminated.
configure:6287: $? = 1
configure:6291: checking whether the compiler supports GNU C++
configure:6311: /home/hayesjohn/anaconda3/bin/x86_64-conda-linux-gnu-c++ -c -fvisibility-inlines-hidden -std=c++17 -fmessage-length=0 -march=nocona -mtune=haswell -ftree-vectorize -fPIC -fstack-protector-strong -fno-plt -O2 -ffunction-sections -pipe -isystem /home/hayesjohn/anaconda3/include -I/home/hayesjohn/anaconda3/include -I/home/hayesjohn/src/muparser_v2_2_3/include -I/home/hayesjohn/src/local-son64-1.0.3 -I/home/hayesjohn/src/boost_1_81_0 -I/home/hayesjohn/src/gsl-2.7.1/ -I/home/hayesjohn/include -I/home/hayesjohn/wd_uf/nne/include -DLOGGING -DDEBUGGING -DDEBUG_MPI -g3 conftest.cpp >&5
configure:6311: $? = 0
configure:6323: result: yes
configure:6334: checking whether /home/hayesjohn/anaconda3/bin/x86_64-conda-linux-gnu-c++ accepts -g
configure:6355: /home/hayesjohn/anaconda3/bin/x86_64-conda-linux-gnu-c++ -c -g -I/home/hayesjohn/anaconda3/include -I/home/hayesjohn/src/muparser_v2_2_3/include -I/home/hayesjohn/src/local-son64-1.0.3 -I/home/hayesjohn/src/boost_1_81_0 -I/home/hayesjohn/src/gsl-2.7.1/ -I/home/hayesjohn/include -I/home/hayesjohn/wd_uf/nne/include -DLOGGING -DDEBUGGING -DDEBUG_MPI -g3 conftest.cpp >&5
configure:6355: $? = 0
configure:6402: result: yes
configure:6422: checking for /home/hayesjohn/anaconda3/bin/x86_64-conda-linux-gnu-c++ option to enable C++11 features
configure:6437: /home/hayesjohn/anaconda3/bin/x86_64-conda-linux-gnu-c++  -c -fvisibility-inlines-hidden -std=c++17 -fmessage-length=0 -march=nocona -mtune=haswell -ftree-vectorize -fPIC -fstack-protector-strong -fno-plt -O2 -ffunction-sections -pipe -isystem /home/hayesjohn/anaconda3/include -I/home/hayesjohn/anaconda3/include -I/home/hayesjohn/src/muparser_v2_2_3/include -I/home/hayesjohn/src/local-son64-1.0.3 -I/home/hayesjohn/src/boost_1_81_0 -I/home/hayesjohn/src/gsl-2.7.1/ -I/home/hayesjohn/include -I/home/hayesjohn/wd_uf/nne/include -DLOGGING -DDEBUGGING -DDEBUG_MPI -g3 conftest.cpp >&5
conftest.cpp: In function 'int main(int, char**)':
conftest.cpp:205:25: warning: empty parentheses were disambiguated as a function declaration [-Wvexing-parse]
  205 |   cxx11test::delegate d2();
      |                         ^~
conftest.cpp:205:25: note: remove parentheses to default-initialize a variable
  205 |   cxx11test::delegate d2();
      |                         ^~
      |                         --
conftest.cpp:205:25: note: or replace parentheses with braces to value-initialize a variable
configure:6437: $? = 0
configure:6456: result: none needed
configure:6527: checking dependency style of /home/hayesjohn/anaconda3/bin/x86_64-conda-linux-gnu-c++
configure:6640: result: gcc3
configure:6663: checking how to run the C preprocessor
configure:6734: result: /home/hayesjohn/anaconda3/bin/x86_64-conda-linux-gnu-cpp
configure:6748: /home/hayesjohn/anaconda3/bin/x86_64-conda-linux-gnu-cpp -I/home/hayesjohn/anaconda3/include -I/home/hayesjohn/src/muparser_v2_2_3/include -I/home/hayesjohn/src/local-son64-1.0.3 -I/home/hayesjohn/src/boost_1_81_0 -I/home/hayesjohn/src/gsl-2.7.1/ -I/home/hayesjohn/include -I/home/hayesjohn/wd_uf/nne/include -DLOGGING -DDEBUGGING -DDEBUG_MPI -g3 conftest.c
configure:6748: $? = 0
configure:6764: /home/hayesjohn/anaconda3/bin/x86_64-conda-linux-gnu-cpp -I/home/hayesjohn/anaconda3/include -I/home/hayesjohn/src/muparser_v2_2_3/include -I/home/hayesjohn/src/local-son64-1.0.3 -I/home/hayesjohn/src/boost_1_81_0 -I/home/hayesjohn/src/gsl-2.7.1/ -I/home/hayesjohn/include -I/home/hayesjohn/wd_uf/nne/include -DLOGGING -DDEBUGGING -DDEBUG_MPI -g3 conftest.c
conftest.c:39:10: fatal error: ac_nonexistent.h: No such file or directory
   39 | #include <ac_nonexistent.h>
      |          ^~~~~~~~~~~~~~~~~~
compilation terminated.
configure:6764: $? = 1
configure: failed program was:
| /* confdefs.h */
| #define PACKAGE_NAME "usfsim"
| #define PACKAGE_TARNAME "usfsim"
| #define PACKAGE_VERSION "1.0.36"
| #define PACKAGE_STRING "usfsim 1.0.36"
| #define PACKAGE_BUGREPORT "hayesjohn@ufl.edu"
| #define PACKAGE_URL ""
| #define PACKAGE "usfsim"
| #define VERSION "1.0.36"
| #define HAVE_STDIO_H 1
| #define HAVE_STDLIB_H 1
| #define HAVE_STRING_H 1
| #define HAVE_INTTYPES_H 1
| #define HAVE_STDINT_H 1
| #define HAVE_STRINGS_H 1
| #define HAVE_SYS_STAT_H 1
| #define HAVE_SYS_TYPES_H 1
| #define HAVE_UNISTD_H 1
| #define HAVE_WCHAR_H 1
| #define STDC_HEADERS 1
| #define _ALL_SOURCE 1
| #define _DARWIN_C_SOURCE 1
| #define _GNU_SOURCE 1
| #define _HPUX_ALT_XOPEN_SOCKET_API 1
| #define _NETBSD_SOURCE 1
| #define _OPENBSD_SOURCE 1
| #define _POSIX_PTHREAD_SEMANTICS 1
| #define __STDC_WANT_IEC_60559_ATTRIBS_EXT__ 1
| #define __STDC_WANT_IEC_60559_BFP_EXT__ 1
| #define __STDC_WANT_IEC_60559_DFP_EXT__ 1
| #define __STDC_WANT_IEC_60559_EXT__ 1
| #define __STDC_WANT_IEC_60559_FUNCS_EXT__ 1
| #define __STDC_WANT_IEC_60559_TYPES_EXT__ 1
| #define __STDC_WANT_LIB_EXT2__ 1
| #define __STDC_WANT_MATH_SPEC_FUNCS__ 1
| #define _TANDEM_SOURCE 1
| #define __EXTENSIONS__ 1
| /* end confdefs.h.  */
| #include <ac_nonexistent.h>
configure:6797: checking for X
configure:6835: /home/hayesjohn/anaconda3/bin/x86_64-conda-linux-gnu-cc -o conftest -march=nocona -mtune=haswell -ftree-vectorize -fPIC -fstack-protector-strong -fno-plt -O2 -ffunction-sections -pipe -isystem /home/hayesjohn/anaconda3/include -I/home/hayesjohn/anaconda3/include -I/home/hayesjohn/src/muparser_v2_2_3/include -I/home/hayesjohn/src/local-son64-1.0.3 -I/home/hayesjohn/src/boost_1_81_0 -I/home/hayesjohn/src/gsl-2.7.1/ -I/home/hayesjohn/include -I/home/hayesjohn/wd_uf/nne/include -DLOGGING -DDEBUGGING -DDEBUG_MPI -g3 -L/home/hayesjohn/src/gsl-2.7.1/./cblas/.libs/ -L/home/hayesjohn/src/gsl-2.7.1/.libs -L/home/hayesjohn/anaconda3/lib  -L/home/hayesjohn/wd_uf/usfsim conftest.c -lX11  >&5
/home/hayesjohn/anaconda3/bin/../lib/gcc/x86_64-conda-linux-gnu/11.2.0/../../../../x86_64-conda-linux-gnu/bin/ld: warning: libXau.so.6, needed by /home/hayesjohn/anaconda3/envs/usfsim/lib//libxcb.so.1, not found (try using -rpath or -rpath-link)
/home/hayesjohn/anaconda3/bin/../lib/gcc/x86_64-conda-linux-gnu/11.2.0/../../../../x86_64-conda-linux-gnu/bin/ld: /home/hayesjohn/anaconda3/envs/usfsim/lib//libxcb.so.1: undefined reference to `XauGetBestAuthByAddr'
/home/hayesjohn/anaconda3/bin/../lib/gcc/x86_64-conda-linux-gnu/11.2.0/../../../../x86_64-conda-linux-gnu/bin/ld: /home/hayesjohn/anaconda3/envs/usfsim/lib//libxcb.so.1: undefined reference to `XauDisposeAuth'
collect2: error: ld returned 1 exit status
configure:6835: $? = 1
configure: failed program was:
| /* confdefs.h */
| #define PACKAGE_NAME "usfsim"
| #define PACKAGE_TARNAME "usfsim"
| #define PACKAGE_VERSION "1.0.36"
| #define PACKAGE_STRING "usfsim 1.0.36"
| #define PACKAGE_BUGREPORT "hayesjohn@ufl.edu"
| #define PACKAGE_URL ""
| #define PACKAGE "usfsim"
| #define VERSION "1.0.36"
| #define HAVE_STDIO_H 1
| #define HAVE_STDLIB_H 1
| #define HAVE_STRING_H 1
| #define HAVE_INTTYPES_H 1
| #define HAVE_STDINT_H 1
| #define HAVE_STRINGS_H 1
| #define HAVE_SYS_STAT_H 1
| #define HAVE_SYS_TYPES_H 1
| #define HAVE_UNISTD_H 1
| #define HAVE_WCHAR_H 1
| #define STDC_HEADERS 1
| #define _ALL_SOURCE 1
| #define _DARWIN_C_SOURCE 1
| #define _GNU_SOURCE 1
| #define _HPUX_ALT_XOPEN_SOCKET_API 1
| #define _NETBSD_SOURCE 1
| #define _OPENBSD_SOURCE 1
| #define _POSIX_PTHREAD_SEMANTICS 1
| #define __STDC_WANT_IEC_60559_ATTRIBS_EXT__ 1
| #define __STDC_WANT_IEC_60559_BFP_EXT__ 1
| #define __STDC_WANT_IEC_60559_DFP_EXT__ 1
| #define __STDC_WANT_IEC_60559_EXT__ 1
| #define __STDC_WANT_IEC_60559_FUNCS_EXT__ 1
| #define __STDC_WANT_IEC_60559_TYPES_EXT__ 1
| #define __STDC_WANT_LIB_EXT2__ 1
| #define __STDC_WANT_MATH_SPEC_FUNCS__ 1
| #define _TANDEM_SOURCE 1
| #define __EXTENSIONS__ 1
| /* end confdefs.h.  */
| #include <X11/Xlib.h>
| int
| main (void)
| {
| XrmInitialize ()
|   ;
|   return 0;
| }
configure:6937: /home/hayesjohn/anaconda3/bin/x86_64-conda-linux-gnu-cpp -I/home/hayesjohn/anaconda3/include -I/home/hayesjohn/src/muparser_v2_2_3/include -I/home/hayesjohn/src/local-son64-1.0.3 -I/home/hayesjohn/src/boost_1_81_0 -I/home/hayesjohn/src/gsl-2.7.1/ -I/home/hayesjohn/include -I/home/hayesjohn/wd_uf/nne/include -DLOGGING -DDEBUGGING -DDEBUG_MPI -g3 conftest.c
configure:6937: $? = 0
configure:6970: /home/hayesjohn/anaconda3/bin/x86_64-conda-linux-gnu-cc -o conftest -march=nocona -mtune=haswell -ftree-vectorize -fPIC -fstack-protector-strong -fno-plt -O2 -ffunction-sections -pipe -isystem /home/hayesjohn/anaconda3/include -I/home/hayesjohn/anaconda3/include -I/home/hayesjohn/src/muparser_v2_2_3/include -I/home/hayesjohn/src/local-son64-1.0.3 -I/home/hayesjohn/src/boost_1_81_0 -I/home/hayesjohn/src/gsl-2.7.1/ -I/home/hayesjohn/include -I/home/hayesjohn/wd_uf/nne/include -DLOGGING -DDEBUGGING -DDEBUG_MPI -g3 -L/home/hayesjohn/src/gsl-2.7.1/./cblas/.libs/ -L/home/hayesjohn/src/gsl-2.7.1/.libs -L/home/hayesjohn/anaconda3/lib  -L/home/hayesjohn/wd_uf/usfsim conftest.c -lX11  >&5
/home/hayesjohn/anaconda3/bin/../lib/gcc/x86_64-conda-linux-gnu/11.2.0/../../../../x86_64-conda-linux-gnu/bin/ld: warning: libXau.so.6, needed by /home/hayesjohn/anaconda3/envs/usfsim/lib//libxcb.so.1, not found (try using -rpath or -rpath-link)
/home/hayesjohn/anaconda3/bin/../lib/gcc/x86_64-conda-linux-gnu/11.2.0/../../../../x86_64-conda-linux-gnu/bin/ld: /home/hayesjohn/anaconda3/envs/usfsim/lib//libxcb.so.1: undefined reference to `XauGetBestAuthByAddr'
/home/hayesjohn/anaconda3/bin/../lib/gcc/x86_64-conda-linux-gnu/11.2.0/../../../../x86_64-conda-linux-gnu/bin/ld: /home/hayesjohn/anaconda3/envs/usfsim/lib//libxcb.so.1: undefined reference to `XauDisposeAuth'
collect2: error: ld returned 1 exit status
configure:6970: $? = 1
configure: failed program was:
| /* confdefs.h */
| #define PACKAGE_NAME "usfsim"
| #define PACKAGE_TARNAME "usfsim"
| #define PACKAGE_VERSION "1.0.36"
| #define PACKAGE_STRING "usfsim 1.0.36"
| #define PACKAGE_BUGREPORT "hayesjohn@ufl.edu"
| #define PACKAGE_URL ""
| #define PACKAGE "usfsim"
| #define VERSION "1.0.36"
| #define HAVE_STDIO_H 1
| #define HAVE_STDLIB_H 1
| #define HAVE_STRING_H 1
| #define HAVE_INTTYPES_H 1
| #define HAVE_STDINT_H 1
| #define HAVE_STRINGS_H 1
| #define HAVE_SYS_STAT_H 1
| #define HAVE_SYS_TYPES_H 1
| #define HAVE_UNISTD_H 1
| #define HAVE_WCHAR_H 1
| #define STDC_HEADERS 1
| #define _ALL_SOURCE 1
| #define _DARWIN_C_SOURCE 1
| #define _GNU_SOURCE 1
| #define _HPUX_ALT_XOPEN_SOCKET_API 1
| #define _NETBSD_SOURCE 1
| #define _OPENBSD_SOURCE 1
| #define _POSIX_PTHREAD_SEMANTICS 1
| #define __STDC_WANT_IEC_60559_ATTRIBS_EXT__ 1
| #define __STDC_WANT_IEC_60559_BFP_EXT__ 1
| #define __STDC_WANT_IEC_60559_DFP_EXT__ 1
| #define __STDC_WANT_IEC_60559_EXT__ 1
| #define __STDC_WANT_IEC_60559_FUNCS_EXT__ 1
| #define __STDC_WANT_IEC_60559_TYPES_EXT__ 1
| #define __STDC_WANT_LIB_EXT2__ 1
| #define __STDC_WANT_MATH_SPEC_FUNCS__ 1
| #define _TANDEM_SOURCE 1
| #define __EXTENSIONS__ 1
| /* end confdefs.h.  */
| #include <X11/Xlib.h>
| int
| main (void)
| {
| XrmInitialize ()
|   ;
|   return 0;
| }
configure:7014: result: no
configure:7596: checking for fftwf_execute in -lfftw3f
configure:7625: /home/hayesjohn/anaconda3/bin/x86_64-conda-linux-gnu-cc -o conftest -march=nocona -mtune=haswell -ftree-vectorize -fPIC -fstack-protector-strong -fno-plt -O2 -ffunction-sections -pipe -isystem /home/hayesjohn/anaconda3/include -I/home/hayesjohn/anaconda3/include -I/home/hayesjohn/src/muparser_v2_2_3/include -I/home/hayesjohn/src/local-son64-1.0.3 -I/home/hayesjohn/src/boost_1_81_0 -I/home/hayesjohn/src/gsl-2.7.1/ -I/home/hayesjohn/include -I/home/hayesjohn/wd_uf/nne/include -DLOGGING -DDEBUGGING -DDEBUG_MPI -g3 -L/home/hayesjohn/src/gsl-2.7.1/./cblas/.libs/ -L/home/hayesjohn/src/gsl-2.7.1/.libs -L/home/hayesjohn/anaconda3/lib  -L/home/hayesjohn/wd_uf/usfsim conftest.c -lfftw3f   >&5
/home/hayesjohn/anaconda3/bin/../lib/gcc/x86_64-conda-linux-gnu/11.2.0/../../../../x86_64-conda-linux-gnu/bin/ld: cannot find -lfftw3f: No such file or directory
collect2: error: ld returned 1 exit status
configure:7625: $? = 1
configure: failed program was:
| /* confdefs.h */
| #define PACKAGE_NAME "usfsim"
| #define PACKAGE_TARNAME "usfsim"
| #define PACKAGE_VERSION "1.0.36"
| #define PACKAGE_STRING "usfsim 1.0.36"
| #define PACKAGE_BUGREPORT "hayesjohn@ufl.edu"
| #define PACKAGE_URL ""
| #define PACKAGE "usfsim"
| #define VERSION "1.0.36"
| #define HAVE_STDIO_H 1
| #define HAVE_STDLIB_H 1
| #define HAVE_STRING_H 1
| #define HAVE_INTTYPES_H 1
| #define HAVE_STDINT_H 1
| #define HAVE_STRINGS_H 1
| #define HAVE_SYS_STAT_H 1
| #define HAVE_SYS_TYPES_H 1
| #define HAVE_UNISTD_H 1
| #define HAVE_WCHAR_H 1
| #define STDC_HEADERS 1
| #define _ALL_SOURCE 1
| #define _DARWIN_C_SOURCE 1
| #define _GNU_SOURCE 1
| #define _HPUX_ALT_XOPEN_SOCKET_API 1
| #define _NETBSD_SOURCE 1
| #define _OPENBSD_SOURCE 1
| #define _POSIX_PTHREAD_SEMANTICS 1
| #define __STDC_WANT_IEC_60559_ATTRIBS_EXT__ 1
| #define __STDC_WANT_IEC_60559_BFP_EXT__ 1
| #define __STDC_WANT_IEC_60559_DFP_EXT__ 1
| #define __STDC_WANT_IEC_60559_EXT__ 1
| #define __STDC_WANT_IEC_60559_FUNCS_EXT__ 1
| #define __STDC_WANT_IEC_60559_TYPES_EXT__ 1
| #define __STDC_WANT_LIB_EXT2__ 1
| #define __STDC_WANT_MATH_SPEC_FUNCS__ 1
| #define _TANDEM_SOURCE 1
| #define __EXTENSIONS__ 1
| #define X_DISPLAY_MISSING 1
| /* end confdefs.h.  */
| 
| /* Override any GCC internal prototype to avoid an error.
|    Use char because int might match the return type of a GCC
|    builtin and then its argument prototype would still apply.
|    The 'extern "C"' is for builds by C++ compilers;
|    although this is not generally supported in C code supporting it here
|    has little cost and some practical benefit (sr 110532).  */
| #ifdef __cplusplus
| extern "C"
| #endif
| char fftwf_execute (void);
| int
| main (void)
| {
| return fftwf_execute ();
|   ;
|   return 0;
| }
configure:7637: result: no
configure:7647: checking for JudyLIns in -lJudy
configure:7676: /home/hayesjohn/anaconda3/bin/x86_64-conda-linux-gnu-cc -o conftest -march=nocona -mtune=haswell -ftree-vectorize -fPIC -fstack-protector-strong -fno-plt -O2 -ffunction-sections -pipe -isystem /home/hayesjohn/anaconda3/include -I/home/hayesjohn/anaconda3/include -I/home/hayesjohn/src/muparser_v2_2_3/include -I/home/hayesjohn/src/local-son64-1.0.3 -I/home/hayesjohn/src/boost_1_81_0 -I/home/hayesjohn/src/gsl-2.7.1/ -I/home/hayesjohn/include -I/home/hayesjohn/wd_uf/nne/include -DLOGGING -DDEBUGGING -DDEBUG_MPI -g3 -L/home/hayesjohn/src/gsl-2.7.1/./cblas/.libs/ -L/home/hayesjohn/src/gsl-2.7.1/.libs -L/home/hayesjohn/anaconda3/lib  -L/home/hayesjohn/wd_uf/usfsim conftest.c -lJudy   >&5
/home/hayesjohn/anaconda3/bin/../lib/gcc/x86_64-conda-linux-gnu/11.2.0/../../../../x86_64-conda-linux-gnu/bin/ld: cannot find -lJudy: No such file or directory
collect2: error: ld returned 1 exit status
configure:7676: $? = 1
configure: failed program was:
| /* confdefs.h */
| #define PACKAGE_NAME "usfsim"
| #define PACKAGE_TARNAME "usfsim"
| #define PACKAGE_VERSION "1.0.36"
| #define PACKAGE_STRING "usfsim 1.0.36"
| #define PACKAGE_BUGREPORT "hayesjohn@ufl.edu"
| #define PACKAGE_URL ""
| #define PACKAGE "usfsim"
| #define VERSION "1.0.36"
| #define HAVE_STDIO_H 1
| #define HAVE_STDLIB_H 1
| #define HAVE_STRING_H 1
| #define HAVE_INTTYPES_H 1
| #define HAVE_STDINT_H 1
| #define HAVE_STRINGS_H 1
| #define HAVE_SYS_STAT_H 1
| #define HAVE_SYS_TYPES_H 1
| #define HAVE_UNISTD_H 1
| #define HAVE_WCHAR_H 1
| #define STDC_HEADERS 1
| #define _ALL_SOURCE 1
| #define _DARWIN_C_SOURCE 1
| #define _GNU_SOURCE 1
| #define _HPUX_ALT_XOPEN_SOCKET_API 1
| #define _NETBSD_SOURCE 1
| #define _OPENBSD_SOURCE 1
| #define _POSIX_PTHREAD_SEMANTICS 1
| #define __STDC_WANT_IEC_60559_ATTRIBS_EXT__ 1
| #define __STDC_WANT_IEC_60559_BFP_EXT__ 1
| #define __STDC_WANT_IEC_60559_DFP_EXT__ 1
| #define __STDC_WANT_IEC_60559_EXT__ 1
| #define __STDC_WANT_IEC_60559_FUNCS_EXT__ 1
| #define __STDC_WANT_IEC_60559_TYPES_EXT__ 1
| #define __STDC_WANT_LIB_EXT2__ 1
| #define __STDC_WANT_MATH_SPEC_FUNCS__ 1
| #define _TANDEM_SOURCE 1
| #define __EXTENSIONS__ 1
| #define X_DISPLAY_MISSING 1
| /* end confdefs.h.  */
| 
| /* Override any GCC internal prototype to avoid an error.
|    Use char because int might match the return type of a GCC
|    builtin and then its argument prototype would still apply.
|    The 'extern "C"' is for builds by C++ compilers;
|    although this is not generally supported in C code supporting it here
|    has little cost and some practical benefit (sr 110532).  */
| #ifdef __cplusplus
| extern "C"
| #endif
| char JudyLIns (void);
| int
| main (void)
| {
| return JudyLIns ();
|   ;
|   return 0;
| }
configure:7688: result: no
configure:7702: checking for fftwf_execute in -lfftw3f
configure:7743: result: no
configure:7770: checking for float.h
configure:7770: /home/hayesjohn/anaconda3/bin/x86_64-conda-linux-gnu-cc -c -march=nocona -mtune=haswell -ftree-vectorize -fPIC -fstack-protector-strong -fno-plt -O2 -ffunction-sections -pipe -isystem /home/hayesjohn/anaconda3/include -I/home/hayesjohn/anaconda3/include -I/home/hayesjohn/src/muparser_v2_2_3/include -I/home/hayesjohn/src/local-son64-1.0.3 -I/home/hayesjohn/src/boost_1_81_0 -I/home/hayesjohn/src/gsl-2.7.1/ -I/home/hayesjohn/include -I/home/hayesjohn/wd_uf/nne/include -DLOGGING -DDEBUGGING -DDEBUG_MPI -g3 conftest.c >&5
configure:7770: $? = 0
configure:7770: result: yes
configure:7776: checking for limits.h
configure:7776: /home/hayesjohn/anaconda3/bin/x86_64-conda-linux-gnu-cc -c -march=nocona -mtune=haswell -ftree-vectorize -fPIC -fstack-protector-strong -fno-plt -O2 -ffunction-sections -pipe -isystem /home/hayesjohn/anaconda3/include -I/home/hayesjohn/anaconda3/include -I/home/hayesjohn/src/muparser_v2_2_3/include -I/home/hayesjohn/src/local-son64-1.0.3 -I/home/hayesjohn/src/boost_1_81_0 -I/home/hayesjohn/src/gsl-2.7.1/ -I/home/hayesjohn/include -I/home/hayesjohn/wd_uf/nne/include -DLOGGING -DDEBUGGING -DDEBUG_MPI -g3 conftest.c >&5
configure:7776: $? = 0
configure:7776: result: yes
configure:7782: checking for stdlib.h
configure:7782: result: yes
configure:7788: checking for string.h
configure:7788: result: yes
configure:7794: checking for unistd.h
configure:7794: result: yes
configure:7800: checking for /usr/include/malloc.h
configure:7800: /home/hayesjohn/anaconda3/bin/x86_64-conda-linux-gnu-cc -c -march=nocona -mtune=haswell -ftree-vectorize -fPIC -fstack-protector-strong -fno-plt -O2 -ffunction-sections -pipe -isystem /home/hayesjohn/anaconda3/include -I/home/hayesjohn/anaconda3/include -I/home/hayesjohn/src/muparser_v2_2_3/include -I/home/hayesjohn/src/local-son64-1.0.3 -I/home/hayesjohn/src/boost_1_81_0 -I/home/hayesjohn/src/gsl-2.7.1/ -I/home/hayesjohn/include -I/home/hayesjohn/wd_uf/nne/include -DLOGGING -DDEBUGGING -DDEBUG_MPI -g3 conftest.c >&5
In file included from conftest.c:73:
/usr/include/malloc.h:40:6: error: expected ',' or ';' before '__attribute_alloc_size__'
   40 |      __attribute_alloc_size__ ((1)) __wur;
      |      ^~~~~~~~~~~~~~~~~~~~~~~~
/usr/include/malloc.h:44:30: error: expected ',' or ';' before '__attribute_alloc_size__'
   44 | __THROW __attribute_malloc__ __attribute_alloc_size__ ((1, 2)) __wur;
      |                              ^~~~~~~~~~~~~~~~~~~~~~~~
/usr/include/malloc.h:52:42: error: expected ',' or ';' before '__attribute_alloc_size__'
   52 | __THROW __attribute_warn_unused_result__ __attribute_alloc_size__ ((2));
      |                                          ^~~~~~~~~~~~~~~~~~~~~~~~
/usr/include/malloc.h:60:44: error: expected ',' or ';' before '__attribute_alloc_size__'
   60 |   __THROW __attribute_warn_unused_result__ __attribute_alloc_size__ ((2, 3))
      |                                            ^~~~~~~~~~~~~~~~~~~~~~~~
/usr/include/malloc.h:68:32: error: expected ',' or ';' before '__attribute_alloc_align__'
   68 |   __THROW __attribute_malloc__ __attribute_alloc_align__ ((1))
      |                                ^~~~~~~~~~~~~~~~~~~~~~~~~
/usr/include/malloc.h:73:6: error: expected ',' or ';' before '__attribute_alloc_size__'
   73 |      __attribute_alloc_size__ ((1)) __wur __attr_dealloc_free;
      |      ^~~~~~~~~~~~~~~~~~~~~~~~
/usr/include/malloc.h:78:9: error: expected ',' or ';' before '__attr_dealloc_free'
   78 |   __wur __attr_dealloc_free;
      |         ^~~~~~~~~~~~~~~~~~~
configure:7800: $? = 1
configure: failed program was:
| /* confdefs.h */
| #define PACKAGE_NAME "usfsim"
| #define PACKAGE_TARNAME "usfsim"
| #define PACKAGE_VERSION "1.0.36"
| #define PACKAGE_STRING "usfsim 1.0.36"
| #define PACKAGE_BUGREPORT "hayesjohn@ufl.edu"
| #define PACKAGE_URL ""
| #define PACKAGE "usfsim"
| #define VERSION "1.0.36"
| #define HAVE_STDIO_H 1
| #define HAVE_STDLIB_H 1
| #define HAVE_STRING_H 1
| #define HAVE_INTTYPES_H 1
| #define HAVE_STDINT_H 1
| #define HAVE_STRINGS_H 1
| #define HAVE_SYS_STAT_H 1
| #define HAVE_SYS_TYPES_H 1
| #define HAVE_UNISTD_H 1
| #define HAVE_WCHAR_H 1
| #define STDC_HEADERS 1
| #define _ALL_SOURCE 1
| #define _DARWIN_C_SOURCE 1
| #define _GNU_SOURCE 1
| #define _HPUX_ALT_XOPEN_SOCKET_API 1
| #define _NETBSD_SOURCE 1
| #define _OPENBSD_SOURCE 1
| #define _POSIX_PTHREAD_SEMANTICS 1
| #define __STDC_WANT_IEC_60559_ATTRIBS_EXT__ 1
| #define __STDC_WANT_IEC_60559_BFP_EXT__ 1
| #define __STDC_WANT_IEC_60559_DFP_EXT__ 1
| #define __STDC_WANT_IEC_60559_EXT__ 1
| #define __STDC_WANT_IEC_60559_FUNCS_EXT__ 1
| #define __STDC_WANT_IEC_60559_TYPES_EXT__ 1
| #define __STDC_WANT_LIB_EXT2__ 1
| #define __STDC_WANT_MATH_SPEC_FUNCS__ 1
| #define _TANDEM_SOURCE 1
| #define __EXTENSIONS__ 1
| #define X_DISPLAY_MISSING 1
| #define HAVE_FLOAT_H 1
| #define HAVE_LIMITS_H 1
| #define HAVE_STDLIB_H 1
| #define HAVE_STRING_H 1
| #define HAVE_UNISTD_H 1
| /* end confdefs.h.  */
| #include <stddef.h>
| #ifdef HAVE_STDIO_H
| # include <stdio.h>
| #endif
| #ifdef HAVE_STDLIB_H
| # include <stdlib.h>
| #endif
| #ifdef HAVE_STRING_H
| # include <string.h>
| #endif
| #ifdef HAVE_INTTYPES_H
| # include <inttypes.h>
| #endif
| #ifdef HAVE_STDINT_H
| # include <stdint.h>
| #endif
| #ifdef HAVE_STRINGS_H
| # include <strings.h>
| #endif
| #ifdef HAVE_SYS_TYPES_H
| # include <sys/types.h>
| #endif
| #ifdef HAVE_SYS_STAT_H
| # include <sys/stat.h>
| #endif
| #ifdef HAVE_UNISTD_H
| # include <unistd.h>
| #endif
| #include </usr/include/malloc.h>
configure:7800: result: no
configure:7809: checking for an ANSI C-conforming const
configure:7876: /home/hayesjohn/anaconda3/bin/x86_64-conda-linux-gnu-cc -c -march=nocona -mtune=haswell -ftree-vectorize -fPIC -fstack-protector-strong -fno-plt -O2 -ffunction-sections -pipe -isystem /home/hayesjohn/anaconda3/include -I/home/hayesjohn/anaconda3/include -I/home/hayesjohn/src/muparser_v2_2_3/include -I/home/hayesjohn/src/local-son64-1.0.3 -I/home/hayesjohn/src/boost_1_81_0 -I/home/hayesjohn/src/gsl-2.7.1/ -I/home/hayesjohn/include -I/home/hayesjohn/wd_uf/nne/include -DLOGGING -DDEBUGGING -DDEBUG_MPI -g3 conftest.c >&5
configure:7876: $? = 0
configure:7886: result: yes
configure:7894: checking for inline
configure:7911: /home/hayesjohn/anaconda3/bin/x86_64-conda-linux-gnu-cc -c -march=nocona -mtune=haswell -ftree-vectorize -fPIC -fstack-protector-strong -fno-plt -O2 -ffunction-sections -pipe -isystem /home/hayesjohn/anaconda3/include -I/home/hayesjohn/anaconda3/include -I/home/hayesjohn/src/muparser_v2_2_3/include -I/home/hayesjohn/src/local-son64-1.0.3 -I/home/hayesjohn/src/boost_1_81_0 -I/home/hayesjohn/src/gsl-2.7.1/ -I/home/hayesjohn/include -I/home/hayesjohn/wd_uf/nne/include -DLOGGING -DDEBUGGING -DDEBUG_MPI -g3 conftest.c >&5
configure:7911: $? = 0
configure:7921: result: inline
configure:7939: checking for size_t
configure:7939: /home/hayesjohn/anaconda3/bin/x86_64-conda-linux-gnu-cc -c -march=nocona -mtune=haswell -ftree-vectorize -fPIC -fstack-protector-strong -fno-plt -O2 -ffunction-sections -pipe -isystem /home/hayesjohn/anaconda3/include -I/home/hayesjohn/anaconda3/include -I/home/hayesjohn/src/muparser_v2_2_3/include -I/home/hayesjohn/src/local-son64-1.0.3 -I/home/hayesjohn/src/boost_1_81_0 -I/home/hayesjohn/src/gsl-2.7.1/ -I/home/hayesjohn/include -I/home/hayesjohn/wd_uf/nne/include -DLOGGING -DDEBUGGING -DDEBUG_MPI -g3 conftest.c >&5
configure:7939: $? = 0
configure:7939: /home/hayesjohn/anaconda3/bin/x86_64-conda-linux-gnu-cc -c -march=nocona -mtune=haswell -ftree-vectorize -fPIC -fstack-protector-strong -fno-plt -O2 -ffunction-sections -pipe -isystem /home/hayesjohn/anaconda3/include -I/home/hayesjohn/anaconda3/include -I/home/hayesjohn/src/muparser_v2_2_3/include -I/home/hayesjohn/src/local-son64-1.0.3 -I/home/hayesjohn/src/boost_1_81_0 -I/home/hayesjohn/src/gsl-2.7.1/ -I/home/hayesjohn/include -I/home/hayesjohn/wd_uf/nne/include -DLOGGING -DDEBUGGING -DDEBUG_MPI -g3 conftest.c >&5
conftest.c: In function 'main':
conftest.c:76:21: error: expected expression before ')' token
   76 | if (sizeof ((size_t)))
      |                     ^
configure:7939: $? = 1
configure: failed program was:
| /* confdefs.h */
| #define PACKAGE_NAME "usfsim"
| #define PACKAGE_TARNAME "usfsim"
| #define PACKAGE_VERSION "1.0.36"
| #define PACKAGE_STRING "usfsim 1.0.36"
| #define PACKAGE_BUGREPORT "hayesjohn@ufl.edu"
| #define PACKAGE_URL ""
| #define PACKAGE "usfsim"
| #define VERSION "1.0.36"
| #define HAVE_STDIO_H 1
| #define HAVE_STDLIB_H 1
| #define HAVE_STRING_H 1
| #define HAVE_INTTYPES_H 1
| #define HAVE_STDINT_H 1
| #define HAVE_STRINGS_H 1
| #define HAVE_SYS_STAT_H 1
| #define HAVE_SYS_TYPES_H 1
| #define HAVE_UNISTD_H 1
| #define HAVE_WCHAR_H 1
| #define STDC_HEADERS 1
| #define _ALL_SOURCE 1
| #define _DARWIN_C_SOURCE 1
| #define _GNU_SOURCE 1
| #define _HPUX_ALT_XOPEN_SOCKET_API 1
| #define _NETBSD_SOURCE 1
| #define _OPENBSD_SOURCE 1
| #define _POSIX_PTHREAD_SEMANTICS 1
| #define __STDC_WANT_IEC_60559_ATTRIBS_EXT__ 1
| #define __STDC_WANT_IEC_60559_BFP_EXT__ 1
| #define __STDC_WANT_IEC_60559_DFP_EXT__ 1
| #define __STDC_WANT_IEC_60559_EXT__ 1
| #define __STDC_WANT_IEC_60559_FUNCS_EXT__ 1
| #define __STDC_WANT_IEC_60559_TYPES_EXT__ 1
| #define __STDC_WANT_LIB_EXT2__ 1
| #define __STDC_WANT_MATH_SPEC_FUNCS__ 1
| #define _TANDEM_SOURCE 1
| #define __EXTENSIONS__ 1
| #define X_DISPLAY_MISSING 1
| #define HAVE_FLOAT_H 1
| #define HAVE_LIMITS_H 1
| #define HAVE_STDLIB_H 1
| #define HAVE_STRING_H 1
| #define HAVE_UNISTD_H 1
| /* end confdefs.h.  */
| #include <stddef.h>
| #ifdef HAVE_STDIO_H
| # include <stdio.h>
| #endif
| #ifdef HAVE_STDLIB_H
| # include <stdlib.h>
| #endif
| #ifdef HAVE_STRING_H
| # include <string.h>
| #endif
| #ifdef HAVE_INTTYPES_H
| # include <inttypes.h>
| #endif
| #ifdef HAVE_STDINT_H
| # include <stdint.h>
| #endif
| #ifdef HAVE_STRINGS_H
| # include <strings.h>
| #endif
| #ifdef HAVE_SYS_TYPES_H
| # include <sys/types.h>
| #endif
| #ifdef HAVE_SYS_STAT_H
| # include <sys/stat.h>
| #endif
| #ifdef HAVE_UNISTD_H
| # include <unistd.h>
| #endif
| int
| main (void)
| {
| if (sizeof ((size_t)))
| 	    return 0;
|   ;
|   return 0;
| }
configure:7939: result: yes
configure:7954: checking size of size_t
configure:7960: /home/hayesjohn/anaconda3/bin/x86_64-conda-linux-gnu-cc -o conftest -march=nocona -mtune=haswell -ftree-vectorize -fPIC -fstack-protector-strong -fno-plt -O2 -ffunction-sections -pipe -isystem /home/hayesjohn/anaconda3/include -I/home/hayesjohn/anaconda3/include -I/home/hayesjohn/src/muparser_v2_2_3/include -I/home/hayesjohn/src/local-son64-1.0.3 -I/home/hayesjohn/src/boost_1_81_0 -I/home/hayesjohn/src/gsl-2.7.1/ -I/home/hayesjohn/include -I/home/hayesjohn/wd_uf/nne/include -DLOGGING -DDEBUGGING -DDEBUG_MPI -g3 -L/home/hayesjohn/src/gsl-2.7.1/./cblas/.libs/ -L/home/hayesjohn/src/gsl-2.7.1/.libs -L/home/hayesjohn/anaconda3/lib  -L/home/hayesjohn/wd_uf/usfsim conftest.c  >&5
configure:7960: $? = 0
configure:7960: ./conftest
configure:7960: $? = 0
configure:7977: result: 8
configure:7991: checking for strchr
configure:7991: /home/hayesjohn/anaconda3/bin/x86_64-conda-linux-gnu-cc -o conftest -march=nocona -mtune=haswell -ftree-vectorize -fPIC -fstack-protector-strong -fno-plt -O2 -ffunction-sections -pipe -isystem /home/hayesjohn/anaconda3/include -I/home/hayesjohn/anaconda3/include -I/home/hayesjohn/src/muparser_v2_2_3/include -I/home/hayesjohn/src/local-son64-1.0.3 -I/home/hayesjohn/src/boost_1_81_0 -I/home/hayesjohn/src/gsl-2.7.1/ -I/home/hayesjohn/include -I/home/hayesjohn/wd_uf/nne/include -DLOGGING -DDEBUGGING -DDEBUG_MPI -g3 -L/home/hayesjohn/src/gsl-2.7.1/./cblas/.libs/ -L/home/hayesjohn/src/gsl-2.7.1/.libs -L/home/hayesjohn/anaconda3/lib  -L/home/hayesjohn/wd_uf/usfsim conftest.c  >&5
conftest.c:62:6: warning: conflicting types for built-in function 'strchr'; expected 'char *(const char *, int)' [-Wbuiltin-declaration-mismatch]
   62 | char strchr (void);
      |      ^~~~~~
conftest.c:54:1: note: 'strchr' is declared in header '<string.h>'
   53 | #include <limits.h>
   54 | #undef strchr
configure:7991: $? = 0
configure:7991: result: yes
configure:7997: checking for argp_parse
configure:7997: /home/hayesjohn/anaconda3/bin/x86_64-conda-linux-gnu-cc -o conftest -march=nocona -mtune=haswell -ftree-vectorize -fPIC -fstack-protector-strong -fno-plt -O2 -ffunction-sections -pipe -isystem /home/hayesjohn/anaconda3/include -I/home/hayesjohn/anaconda3/include -I/home/hayesjohn/src/muparser_v2_2_3/include -I/home/hayesjohn/src/local-son64-1.0.3 -I/home/hayesjohn/src/boost_1_81_0 -I/home/hayesjohn/src/gsl-2.7.1/ -I/home/hayesjohn/include -I/home/hayesjohn/wd_uf/nne/include -DLOGGING -DDEBUGGING -DDEBUG_MPI -g3 -L/home/hayesjohn/src/gsl-2.7.1/./cblas/.libs/ -L/home/hayesjohn/src/gsl-2.7.1/.libs -L/home/hayesjohn/anaconda3/lib  -L/home/hayesjohn/wd_uf/usfsim conftest.c  >&5
configure:7997: $? = 0
configure:7997: result: yes
configure:8031: checking for x86_64-conda-linux-gnu-pkg-config
configure:8070: result: no
configure:8080: checking for pkg-config
configure:8103: found /usr/bin/pkg-config
configure:8116: result: /usr/bin/pkg-config
configure:8141: checking pkg-config is at least version 0.9.0
configure:8144: result: yes
configure:8154: checking for QT
configure:8161: $PKG_CONFIG --exists --print-errors "Qt5Core, Qt5Gui, Qt5Widgets Qt5Network Qt5OpenGL Qt5PrintSupport"
Package Qt5Core was not found in the pkg-config search path.
Perhaps you should add the directory containing `Qt5Core.pc'
to the PKG_CONFIG_PATH environment variable
No package 'Qt5Core' found
Package Qt5Gui was not found in the pkg-config search path.
Perhaps you should add the directory containing `Qt5Gui.pc'
to the PKG_CONFIG_PATH environment variable
No package 'Qt5Gui' found
Package Qt5Widgets was not found in the pkg-config search path.
Perhaps you should add the directory containing `Qt5Widgets.pc'
to the PKG_CONFIG_PATH environment variable
No package 'Qt5Widgets' found
Package Qt5Network was not found in the pkg-config search path.
Perhaps you should add the directory containing `Qt5Network.pc'
to the PKG_CONFIG_PATH environment variable
No package 'Qt5Network' found
Package Qt5OpenGL was not found in the pkg-config search path.
Perhaps you should add the directory containing `Qt5OpenGL.pc'
to the PKG_CONFIG_PATH environment variable
No package 'Qt5OpenGL' found
Package Qt5PrintSupport was not found in the pkg-config search path.
Perhaps you should add the directory containing `Qt5PrintSupport.pc'
to the PKG_CONFIG_PATH environment variable
No package 'Qt5PrintSupport' found
configure:8164: $? = 1
configure:8178: $PKG_CONFIG --exists --print-errors "Qt5Core, Qt5Gui, Qt5Widgets Qt5Network Qt5OpenGL Qt5PrintSupport"
Package Qt5Core was not found in the pkg-config search path.
Perhaps you should add the directory containing `Qt5Core.pc'
to the PKG_CONFIG_PATH environment variable
No package 'Qt5Core' found
Package Qt5Gui was not found in the pkg-config search path.
Perhaps you should add the directory containing `Qt5Gui.pc'
to the PKG_CONFIG_PATH environment variable
No package 'Qt5Gui' found
Package Qt5Widgets was not found in the pkg-config search path.
Perhaps you should add the directory containing `Qt5Widgets.pc'
to the PKG_CONFIG_PATH environment variable
No package 'Qt5Widgets' found
Package Qt5Network was not found in the pkg-config search path.
Perhaps you should add the directory containing `Qt5Network.pc'
to the PKG_CONFIG_PATH environment variable
No package 'Qt5Network' found
Package Qt5OpenGL was not found in the pkg-config search path.
Perhaps you should add the directory containing `Qt5OpenGL.pc'
to the PKG_CONFIG_PATH environment variable
No package 'Qt5OpenGL' found
Package Qt5PrintSupport was not found in the pkg-config search path.
Perhaps you should add the directory containing `Qt5PrintSupport.pc'
to the PKG_CONFIG_PATH environment variable
No package 'Qt5PrintSupport' found
configure:8181: $? = 1
configure:8195: result: no
No package 'Qt5Core' found
No package 'Qt5Gui' found
No package 'Qt5Widgets' found
No package 'Qt5Network' found
No package 'Qt5OpenGL' found
No package 'Qt5PrintSupport' found
configure:8211: error: Qt libraries are required.

## ---------------- ##
## Cache variables. ##
## ---------------- ##

ac_cv_c_compiler_gnu=yes
ac_cv_c_const=yes
ac_cv_c_inline=inline
ac_cv_cxx_compiler_gnu=yes
ac_cv_env_CCC_set=
ac_cv_env_CCC_value=
ac_cv_env_CC_set=set
ac_cv_env_CC_value=/home/hayesjohn/anaconda3/bin/x86_64-conda-linux-gnu-cc
ac_cv_env_CFLAGS_set=set
ac_cv_env_CFLAGS_value='-march=nocona -mtune=haswell -ftree-vectorize -fPIC -fstack-protector-strong -fno-plt -O2 -ffunction-sections -pipe -isystem /home/hayesjohn/anaconda3/include'
ac_cv_env_CPPFLAGS_set=set
ac_cv_env_CPPFLAGS_value='-I/home/hayesjohn/anaconda3/include -I/home/hayesjohn/src/muparser_v2_2_3/include -I/home/hayesjohn/src/local-son64-1.0.3 -I/home/hayesjohn/src/boost_1_81_0 -I/home/hayesjohn/src/gsl-2.7.1/ -I/home/hayesjohn/include -I/home/hayesjohn/wd_uf/nne/include -DLOGGING -DDEBUGGING -DDEBUG_MPI -g3'
ac_cv_env_CPP_set=set
ac_cv_env_CPP_value=/home/hayesjohn/anaconda3/bin/x86_64-conda-linux-gnu-cpp
ac_cv_env_CXXFLAGS_set=set
ac_cv_env_CXXFLAGS_value='-fvisibility-inlines-hidden -std=c++17 -fmessage-length=0 -march=nocona -mtune=haswell -ftree-vectorize -fPIC -fstack-protector-strong -fno-plt -O2 -ffunction-sections -pipe -isystem /home/hayesjohn/anaconda3/include'
ac_cv_env_CXX_set=set
ac_cv_env_CXX_value=/home/hayesjohn/anaconda3/bin/x86_64-conda-linux-gnu-c++
ac_cv_env_LDFLAGS_set=set
ac_cv_env_LDFLAGS_value='-L/home/hayesjohn/src/gsl-2.7.1/./cblas/.libs/ -L/home/hayesjohn/src/gsl-2.7.1/.libs -L/home/hayesjohn/anaconda3/lib  -L/home/hayesjohn/wd_uf/usfsim'
ac_cv_env_LIBS_set=
ac_cv_env_LIBS_value=
ac_cv_env_PKG_CONFIG_LIBDIR_set=
ac_cv_env_PKG_CONFIG_LIBDIR_value=
ac_cv_env_PKG_CONFIG_PATH_set=set
ac_cv_env_PKG_CONFIG_PATH_value=:/home/hayesjohn/anaconda3/lib/pkgconfig/
ac_cv_env_PKG_CONFIG_set=
ac_cv_env_PKG_CONFIG_value=
ac_cv_env_QT_CFLAGS_set=
ac_cv_env_QT_CFLAGS_value=
ac_cv_env_QT_LIBS_set=
ac_cv_env_QT_LIBS_value=
ac_cv_env_XMKMF_set=
ac_cv_env_XMKMF_value=
ac_cv_env_build_alias_set=set
ac_cv_env_build_alias_value=x86_64-conda-linux-gnu
ac_cv_env_host_alias_set=set
ac_cv_env_host_alias_value=x86_64-conda-linux-gnu
ac_cv_env_target_alias_set=
ac_cv_env_target_alias_value=
ac_cv_func_argp_parse=yes
ac_cv_func_strchr=yes
ac_cv_have_x=have_x=no
ac_cv_header__usr_include_malloc_h=no
ac_cv_header_float_h=yes
ac_cv_header_inttypes_h=yes
ac_cv_header_limits_h=yes
ac_cv_header_minix_config_h=no
ac_cv_header_stdint_h=yes
ac_cv_header_stdio_h=yes
ac_cv_header_stdlib_h=yes
ac_cv_header_string_h=yes
ac_cv_header_strings_h=yes
ac_cv_header_sys_stat_h=yes
ac_cv_header_sys_types_h=yes
ac_cv_header_unistd_h=yes
ac_cv_header_wchar_h=yes
ac_cv_lib_Judy_JudyLIns=no
ac_cv_lib_fftw3f_fftwf_execute=no
ac_cv_objext=o
ac_cv_path_ac_pt_PKG_CONFIG=/usr/bin/pkg-config
ac_cv_path_install='/usr/bin/install -c'
ac_cv_path_mkdir=/usr/bin/mkdir
ac_cv_prog_AWK=gawk
ac_cv_prog_CC=/home/hayesjohn/anaconda3/bin/x86_64-conda-linux-gnu-cc
ac_cv_prog_CPP=/home/hayesjohn/anaconda3/bin/x86_64-conda-linux-gnu-cpp
ac_cv_prog_cc_c11=
ac_cv_prog_cc_g=yes
ac_cv_prog_cc_stdc=
ac_cv_prog_cxx_cxx11=
ac_cv_prog_cxx_g=yes
ac_cv_prog_cxx_stdcxx=
ac_cv_prog_make_make_set=yes
ac_cv_safe_to_define___extensions__=yes
ac_cv_should_define__xopen_source=no
ac_cv_sizeof_size_t=8
ac_cv_type_size_t=yes
am_cv_CC_dependencies_compiler_type=gcc3
am_cv_CXX_dependencies_compiler_type=gcc3
am_cv_make_support_nested_variables=yes
am_cv_prog_cc_c_o=yes

## ----------------- ##
## Output variables. ##
## ----------------- ##

ACLOCAL='${SHELL} '\''/home/hayesjohn/wd_uf/uflsim/missing'\'' aclocal-1.16'
AMDEPBACKSLASH='\'
AMDEP_FALSE='#'
AMDEP_TRUE=''
AMTAR='$${TAR-tar}'
AM_BACKSLASH='\'
AM_DEFAULT_V='$(AM_DEFAULT_VERBOSITY)'
AM_DEFAULT_VERBOSITY='1'
AM_V='$(V)'
AUTOCONF='${SHELL} '\''/home/hayesjohn/wd_uf/uflsim/missing'\'' autoconf'
AUTOHEADER='${SHELL} '\''/home/hayesjohn/wd_uf/uflsim/missing'\'' autoheader'
AUTOMAKE='${SHELL} '\''/home/hayesjohn/wd_uf/uflsim/missing'\'' automake-1.16'
AWK='gawk'
CC='/home/hayesjohn/anaconda3/bin/x86_64-conda-linux-gnu-cc'
CCDEPMODE='depmode=gcc3'
CFLAGS=''
COND_ARGP_FALSE=''
COND_ARGP_TRUE='#'
COND_FFTW_FALSE=''
COND_FFTW_TRUE='#'
CPP='/home/hayesjohn/anaconda3/bin/x86_64-conda-linux-gnu-cpp'
CPPFLAGS='-I/home/hayesjohn/anaconda3/include -I/home/hayesjohn/src/muparser_v2_2_3/include -I/home/hayesjohn/src/local-son64-1.0.3 -I/home/hayesjohn/src/boost_1_81_0 -I/home/hayesjohn/src/gsl-2.7.1/ -I/home/hayesjohn/include -I/home/hayesjohn/wd_uf/nne/include -DLOGGING -DDEBUGGING -DDEBUG_MPI -g3'
CSCOPE='cscope'
CTAGS='ctags'
CXX='/home/hayesjohn/anaconda3/bin/x86_64-conda-linux-gnu-c++'
CXXDEPMODE='depmode=gcc3'
CXXFLAGS=''
CYGPATH_W='echo'
DEFS=''
DEPDIR='.deps'
ECHO_C=''
ECHO_N='-n'
ECHO_T=''
ETAGS='etags'
EXEEXT=''
FFTWLIBDIR=''
INSTALL_DATA='${INSTALL} -m 644'
INSTALL_PROGRAM='${INSTALL}'
INSTALL_SCRIPT='${INSTALL}'
INSTALL_STRIP_PROGRAM='$(install_sh) -c -s'
LDFLAGS='-L/home/hayesjohn/src/gsl-2.7.1/./cblas/.libs/ -L/home/hayesjohn/src/gsl-2.7.1/.libs -L/home/hayesjohn/anaconda3/lib  -L/home/hayesjohn/wd_uf/usfsim'
LIBOBJS=''
LIBS=''
LTLIBOBJS=''
MAKEINFO='${SHELL} '\''/home/hayesjohn/wd_uf/uflsim/missing'\'' makeinfo'
MKDIR_P='/usr/bin/mkdir -p'
MOC=''
MXE_QMAKE=''
MXE_QMAKE_FALSE=''
MXE_QMAKE_TRUE=''
OBJEXT='o'
PACKAGE='usfsim'
PACKAGE_BUGREPORT='hayesjohn@ufl.edu'
PACKAGE_NAME='usfsim'
PACKAGE_STRING='usfsim 1.0.36'
PACKAGE_TARNAME='usfsim'
PACKAGE_URL=''
PACKAGE_VERSION='1.0.36'
PATH_SEPARATOR=':'
PKG_CONFIG='/usr/bin/pkg-config'
PKG_CONFIG_LIBDIR=''
PKG_CONFIG_PATH=':/home/hayesjohn/anaconda3/lib/pkgconfig/'
QT_CFLAGS=''
QT_LIBS=''
RCC=''
SET_MAKE=''
SHELL='/bin/bash'
STRIP='/home/hayesjohn/anaconda3/bin/x86_64-conda-linux-gnu-strip'
UIC=''
VERSION='1.0.36'
XMKMF=''
X_CFLAGS=''
X_EXTRA_LIBS=''
X_LIBS=''
X_PRE_LIBS=''
ac_ct_CC=''
ac_ct_CXX=''
am__EXEEXT_FALSE=''
am__EXEEXT_TRUE=''
am__fastdepCC_FALSE='#'
am__fastdepCC_TRUE=''
am__fastdepCXX_FALSE='#'
am__fastdepCXX_TRUE=''
am__include='include'
am__isrc=''
am__leading_dot='.'
am__nodep='_no'
am__quote=''
am__tar='$${TAR-tar} chof - "$$tardir"'
am__untar='$${TAR-tar} xf -'
bindir='${exec_prefix}/bin'
build_alias='x86_64-conda-linux-gnu'
datadir='${datarootdir}'
datarootdir='${prefix}/share'
docdir='${datarootdir}/doc/${PACKAGE_TARNAME}'
dvidir='${docdir}'
exec_prefix='NONE'
host_alias='x86_64-conda-linux-gnu'
htmldir='${docdir}'
includedir='${prefix}/include'
infodir='${datarootdir}/info'
install_sh='${SHELL} /home/hayesjohn/wd_uf/uflsim/install-sh'
libdir='${exec_prefix}/lib'
libexecdir='${exec_prefix}/libexec'
localedir='${datarootdir}/locale'
localstatedir='${prefix}/var'
mandir='${datarootdir}/man'
mkdir_p='$(MKDIR_P)'
oldincludedir='/usr/include'
pdfdir='${docdir}'
prefix='NONE'
program_transform_name='s,x,x,'
psdir='${docdir}'
runstatedir='${localstatedir}/run'
sbindir='${exec_prefix}/sbin'
sharedstatedir='${prefix}/com'
sysconfdir='${prefix}/etc'
target_alias=''

## ----------- ##
## confdefs.h. ##
## ----------- ##

/* confdefs.h */
#define PACKAGE_NAME "usfsim"
#define PACKAGE_TARNAME "usfsim"
#define PACKAGE_VERSION "1.0.36"
#define PACKAGE_STRING "usfsim 1.0.36"
#define PACKAGE_BUGREPORT "hayesjohn@ufl.edu"
#define PACKAGE_URL ""
#define PACKAGE "usfsim"
#define VERSION "1.0.36"
#define HAVE_STDIO_H 1
#define HAVE_STDLIB_H 1
#define HAVE_STRING_H 1
#define HAVE_INTTYPES_H 1
#define HAVE_STDINT_H 1
#define HAVE_STRINGS_H 1
#define HAVE_SYS_STAT_H 1
#define HAVE_SYS_TYPES_H 1
#define HAVE_UNISTD_H 1
#define HAVE_WCHAR_H 1
#define STDC_HEADERS 1
#define _ALL_SOURCE 1
#define _DARWIN_C_SOURCE 1
#define _GNU_SOURCE 1
#define _HPUX_ALT_XOPEN_SOCKET_API 1
#define _NETBSD_SOURCE 1
#define _OPENBSD_SOURCE 1
#define _POSIX_PTHREAD_SEMANTICS 1
#define __STDC_WANT_IEC_60559_ATTRIBS_EXT__ 1
#define __STDC_WANT_IEC_60559_BFP_EXT__ 1
#define __STDC_WANT_IEC_60559_DFP_EXT__ 1
#define __STDC_WANT_IEC_60559_EXT__ 1
#define __STDC_WANT_IEC_60559_FUNCS_EXT__ 1
#define __STDC_WANT_IEC_60559_TYPES_EXT__ 1
#define __STDC_WANT_LIB_EXT2__ 1
#define __STDC_WANT_MATH_SPEC_FUNCS__ 1
#define _TANDEM_SOURCE 1
#define __EXTENSIONS__ 1
#define X_DISPLAY_MISSING 1
#define HAVE_FLOAT_H 1
#define HAVE_LIMITS_H 1
#define HAVE_STDLIB_H 1
#define HAVE_STRING_H 1
#define HAVE_UNISTD_H 1
#define SIZEOF_SIZE_T 8
#define HAVE_STRCHR 1
#define HAVE_ARGP_PARSE 1

configure: exit 1
